<?xml version="1.0" encoding="UTF-8"?>
<!-- Generated by org.testng.reporters.JUnitReportReporter -->
<testsuite hostname="SAGITEC-NUNIT" failures="0" tests="1" name="com.xais.testcases.ClientRegistrationWorkflowTest" time="34.935" errors="0" timestamp="2023-03-02T17:02:05 IST" skipped="0">
  <testcase classname="com.xais.testcases.ClientRegistrationWorkflowTest" name="captureClientInformation" time="34.935"/>
  <system-out/>
</testsuite> <!-- com.xais.testcases.ClientRegistrationWorkflowTest -->
