<?xml version="1.0" encoding="UTF-8"?>
<!-- Generated by org.testng.reporters.JUnitReportReporter -->
<testsuite hostname="SAGITEC-NUNIT" failures="0" tests="1" name="com.xais.testcases.LandingPageTest" time="38.494" errors="0" timestamp="2023-02-10T15:25:44 IST" skipped="0">
  <testcase classname="com.xais.testcases.LandingPageTest" name="validateCard" time="38.494"/>
  <system-out/>
</testsuite> <!-- com.xais.testcases.LandingPageTest -->
