<?xml version="1.0" encoding="UTF-8"?>
<!-- Generated by org.testng.reporters.JUnitReportReporter -->
<testsuite hostname="SAGITEC-NUNIT" failures="0" tests="2" name="com.xais.testcases.InternalFootprintTest" time="109.025" errors="0" timestamp="2023-02-22T18:21:53 IST" skipped="0">
  <testcase classname="com.xais.testcases.InternalFootprintTest" name="verifyNewInternalFootprint" time="43.099"/>
  <system-out/>
  <testcase classname="com.xais.testcases.InternalFootprintTest" name="verifyNewInternalFootprint" time="65.926"/>
  <system-out/>
</testsuite> <!-- com.xais.testcases.InternalFootprintTest -->
