<?xml version="1.0" encoding="UTF-8"?>
<!-- Generated by org.testng.reporters.JUnitReportReporter -->
<testsuite hostname="SAGITEC-NUNIT" failures="0" tests="1" name="com.xais.testcases.ClientTest" time="12.823" errors="0" timestamp="2023-02-16T15:04:38 IST" skipped="0">
  <testcase classname="com.xais.testcases.ClientTest" name="verifyClientLookupAndMaintenance" time="12.823"/>
  <system-out/>
</testsuite> <!-- com.xais.testcases.ClientTest -->
